
chdir(/home/ehs/source/dotfiles)
chdir(/etc/xdg//nvim)
chdir(/home/ehs/source/dotfiles)
could not source "/etc/xdg//nvim/sysinit.vim"
chdir(/home/ehs/source/dotfiles)
chdir(/usr/share/nvim)
chdir(/home/ehs/source/dotfiles)
could not source "$VIM/sysinit.vim"
not found in 'runtimepath': "lua/utils.lua"
not found in 'packpath': "pack/*/start/*/lua/utils.lua"
not found in 'packpath': "start/*/lua/utils.lua"
not found in 'runtimepath': "lua/plugins.lua"
not found in 'packpath': "pack/*/start/*/lua/plugins.lua"
not found in 'packpath': "start/*/lua/plugins.lua"
not found in 'packpath': "pack/*/start/paq-nvim"
chdir(/home/ehs/source/dotfiles)
chdir(/home/ehs/.local/share/nvim/site)
chdir(/home/ehs/source/dotfiles)
chdir(/home/ehs/source/dotfiles)
chdir(/home/ehs/.config/nvim)
chdir(/home/ehs/source/dotfiles)
chdir(/home/ehs/source/dotfiles)
chdir(/etc/xdg/nvim)
chdir(/home/ehs/source/dotfiles)
chdir(/home/ehs/source/dotfiles)
chdir(/home/ehs/.local/share/nvim/site)
chdir(/home/ehs/source/dotfiles)
chdir(/home/ehs/source/dotfiles)
chdir(/home/ehs/.local/share/nvim/site/pack/paqs/opt)
chdir(/home/ehs/source/dotfiles)
chdir(/home/ehs/source/dotfiles)
chdir(/home/ehs/.local/share/nvim/site/pack/paqs/opt/paq-nvim/plugin)
chdir(/home/ehs/source/dotfiles)
sourcing "/home/ehs/.local/share/nvim/site/pack/paqs/opt/paq-nvim/plugin/paq-nvim.vim"
finished sourcing /home/ehs/.local/share/nvim/site/pack/paqs/opt/paq-nvim/plugin/paq-nvim.vim
not found in 'runtimepath': "colors/gruvbox.vim"
chdir(/home/ehs/source/dotfiles)
chdir(/home/ehs/.local/share/nvim/site/pack/paqs/start/gruvbox/colors)
chdir(/home/ehs/source/dotfiles)
sourcing "/home/ehs/.local/share/nvim/site/pack/paqs/start/gruvbox/colors/gruvbox.vim"
finished sourcing /home/ehs/.local/share/nvim/site/pack/paqs/start/gruvbox/colors/gruvbox.vim
chdir(/home/ehs/source/dotfiles)
chdir(/usr/share/nvim/runtime)
chdir(/home/ehs/source/dotfiles)
sourcing "/usr/share/nvim/runtime/filetype.vim"
not found in 'runtimepath': "ftdetect/*.vim"
chdir(/home/ehs/source/dotfiles)
chdir(/home/ehs/.local/share/nvim/site/pack/paqs/start/nvim-treesitter/ftdetect)
chdir(/home/ehs/source/dotfiles)
line 2298: sourcing "/home/ehs/.local/share/nvim/site/pack/paqs/start/nvim-treesitter/ftdetect/query.vim"
finished sourcing /home/ehs/.local/share/nvim/site/pack/paqs/start/nvim-treesitter/ftdetect/query.vim
continuing in /usr/share/nvim/runtime/filetype.vim
chdir(/home/ehs/source/dotfiles)
chdir(/home/ehs/.local/share/nvim/site/pack/paqs/start/rust.vim/ftdetect)
chdir(/home/ehs/source/dotfiles)
line 2298: sourcing "/home/ehs/.local/share/nvim/site/pack/paqs/start/rust.vim/ftdetect/rust.vim"
finished sourcing /home/ehs/.local/share/nvim/site/pack/paqs/start/rust.vim/ftdetect/rust.vim
continuing in /usr/share/nvim/runtime/filetype.vim
not found in 'packpath': "start/*/ftdetect/*.vim"
finished sourcing /usr/share/nvim/runtime/filetype.vim
not found in 'packpath': "pack/*/start/*/filetype.vim"
not found in 'packpath': "start/*/filetype.vim"
chdir(/home/ehs/source/dotfiles)
chdir(/usr/share/nvim/runtime)
chdir(/home/ehs/source/dotfiles)
sourcing "/usr/share/nvim/runtime/ftplugin.vim"
finished sourcing /usr/share/nvim/runtime/ftplugin.vim
not found in 'packpath': "pack/*/start/*/ftplugin.vim"
not found in 'packpath': "start/*/ftplugin.vim"
chdir(/home/ehs/source/dotfiles)
chdir(/usr/share/nvim/runtime)
chdir(/home/ehs/source/dotfiles)
sourcing "/usr/share/nvim/runtime/indent.vim"
finished sourcing /usr/share/nvim/runtime/indent.vim
not found in 'packpath': "pack/*/start/*/indent.vim"
not found in 'packpath': "start/*/indent.vim"
chdir(/home/ehs/source/dotfiles)
chdir(/usr/share/nvim/runtime/syntax)
chdir(/home/ehs/source/dotfiles)
sourcing "/usr/share/nvim/runtime/syntax/syntax.vim"
chdir(/home/ehs/source/dotfiles)
chdir(/usr/share/nvim/runtime/syntax)
chdir(/home/ehs/source/dotfiles)
line 19: sourcing "/usr/share/nvim/runtime/syntax/synload.vim"
not found in 'runtimepath': "colors/gruvbox.vim"
chdir(/home/ehs/source/dotfiles)
chdir(/home/ehs/.local/share/nvim/site/pack/paqs/start/gruvbox/colors)
chdir(/home/ehs/source/dotfiles)
line 19: sourcing "/home/ehs/.local/share/nvim/site/pack/paqs/start/gruvbox/colors/gruvbox.vim"
chdir(/home/ehs/source/dotfiles)
chdir(/usr/share/nvim/runtime/syntax)
chdir(/home/ehs/source/dotfiles)
line 12: sourcing "/usr/share/nvim/runtime/syntax/syncolor.vim"
finished sourcing /usr/share/nvim/runtime/syntax/syncolor.vim
continuing in /home/ehs/.local/share/nvim/site/pack/paqs/start/gruvbox/colors/gruvbox.vim
not found in 'packpath': "pack/*/start/*/syntax/syncolor.vim"
not found in 'packpath': "start/*/syntax/syncolor.vim"
chdir(/home/ehs/source/dotfiles)
chdir(/usr/share/nvim/runtime/syntax)
chdir(/home/ehs/source/dotfiles)
line 14: sourcing "/usr/share/nvim/runtime/syntax/syncolor.vim"
finished sourcing /usr/share/nvim/runtime/syntax/syncolor.vim
continuing in /home/ehs/.local/share/nvim/site/pack/paqs/start/gruvbox/colors/gruvbox.vim
not found in 'packpath': "pack/*/start/*/syntax/syncolor.vim"
not found in 'packpath': "start/*/syntax/syncolor.vim"
finished sourcing /home/ehs/.local/share/nvim/site/pack/paqs/start/gruvbox/colors/gruvbox.vim
continuing in /usr/share/nvim/runtime/syntax/synload.vim
finished sourcing /usr/share/nvim/runtime/syntax/synload.vim
continuing in /usr/share/nvim/runtime/syntax/syntax.vim
Executing FileType Autocommands for "*"
autocommand exe "set syntax=" . expand("<amatch>")

Executing Syntax Autocommands for "*"
autocommand call s:SynSet()

finished sourcing /usr/share/nvim/runtime/syntax/syntax.vim
chdir(/home/ehs/source/dotfiles)
chdir(/home/ehs/.local/share/nvim/site)
chdir(/home/ehs/source/dotfiles)
chdir(/home/ehs/source/dotfiles)
chdir(/home/ehs/.config/nvim)
chdir(/home/ehs/source/dotfiles)
chdir(/home/ehs/source/dotfiles)
chdir(/etc/xdg/nvim)
chdir(/home/ehs/source/dotfiles)
chdir(/home/ehs/source/dotfiles)
chdir(/home/ehs/.local/share/nvim/site)
chdir(/home/ehs/source/dotfiles)
chdir(/home/ehs/source/dotfiles)
chdir(/home/ehs/.local/share/nvim/site)
chdir(/home/ehs/source/dotfiles)
chdir(/home/ehs/source/dotfiles)
chdir(/home/ehs/.config/nvim)
chdir(/home/ehs/source/dotfiles)
chdir(/home/ehs/source/dotfiles)
chdir(/etc/xdg/nvim)
chdir(/home/ehs/source/dotfiles)
chdir(/home/ehs/source/dotfiles)
chdir(/home/ehs/.local/share/nvim/site)
chdir(/home/ehs/source/dotfiles)
chdir(/home/ehs/source/dotfiles)
chdir(/home/ehs/.local/share/nvim/site)
chdir(/home/ehs/source/dotfiles)
chdir(/home/ehs/source/dotfiles)
chdir(/home/ehs/.config/nvim)
chdir(/home/ehs/source/dotfiles)
chdir(/home/ehs/source/dotfiles)
chdir(/etc/xdg/nvim)
chdir(/home/ehs/source/dotfiles)
chdir(/home/ehs/source/dotfiles)
chdir(/home/ehs/.local/share/nvim/site)
chdir(/home/ehs/source/dotfiles)
chdir(/home/ehs/source/dotfiles)
chdir(/home/ehs/.local/share/nvim/site)
chdir(/home/ehs/source/dotfiles)
chdir(/home/ehs/source/dotfiles)
chdir(/home/ehs/.config/nvim)
chdir(/home/ehs/source/dotfiles)
chdir(/home/ehs/source/dotfiles)
chdir(/etc/xdg/nvim)
chdir(/home/ehs/source/dotfiles)
chdir(/home/ehs/source/dotfiles)
chdir(/home/ehs/.local/share/nvim/site)
chdir(/home/ehs/source/dotfiles)
chdir(/home/ehs/source/dotfiles)
chdir(/home/ehs/.local/share/nvim/site)
chdir(/home/ehs/source/dotfiles)
chdir(/home/ehs/source/dotfiles)
chdir(/home/ehs/.config/nvim)
chdir(/home/ehs/source/dotfiles)
chdir(/home/ehs/source/dotfiles)
chdir(/etc/xdg/nvim)
chdir(/home/ehs/source/dotfiles)
chdir(/home/ehs/source/dotfiles)
chdir(/home/ehs/.local/share/nvim/site)
chdir(/home/ehs/source/dotfiles)
chdir(/home/ehs/source/dotfiles)
chdir(/home/ehs/.local/share/nvim/site)
chdir(/home/ehs/source/dotfiles)
chdir(/home/ehs/source/dotfiles)
chdir(/home/ehs/.config/nvim)
chdir(/home/ehs/source/dotfiles)
chdir(/home/ehs/source/dotfiles)
chdir(/etc/xdg/nvim)
chdir(/home/ehs/source/dotfiles)
chdir(/home/ehs/source/dotfiles)
chdir(/home/ehs/.local/share/nvim/site)
chdir(/home/ehs/source/dotfiles)
chdir(/home/ehs/source/dotfiles)
chdir(/home/ehs/.local/share/nvim/site)
chdir(/home/ehs/source/dotfiles)
chdir(/home/ehs/source/dotfiles)
chdir(/home/ehs/.config/nvim)
chdir(/home/ehs/source/dotfiles)
chdir(/home/ehs/source/dotfiles)
chdir(/etc/xdg/nvim)
chdir(/home/ehs/source/dotfiles)
chdir(/home/ehs/source/dotfiles)
chdir(/home/ehs/.local/share/nvim/site)
chdir(/home/ehs/source/dotfiles)
chdir(/home/ehs/source/dotfiles)
chdir(/home/ehs/.local/share/nvim/site)
chdir(/home/ehs/source/dotfiles)
chdir(/home/ehs/source/dotfiles)
chdir(/home/ehs/.config/nvim)
chdir(/home/ehs/source/dotfiles)
chdir(/home/ehs/source/dotfiles)
chdir(/etc/xdg/nvim)
chdir(/home/ehs/source/dotfiles)
chdir(/home/ehs/source/dotfiles)
chdir(/home/ehs/.local/share/nvim/site)
chdir(/home/ehs/source/dotfiles)
chdir(/home/ehs/source/dotfiles)
chdir(/home/ehs/.local/share/nvim/site)
chdir(/home/ehs/source/dotfiles)
chdir(/home/ehs/source/dotfiles)
chdir(/home/ehs/.config/nvim)
chdir(/home/ehs/source/dotfiles)
chdir(/home/ehs/source/dotfiles)
chdir(/etc/xdg/nvim)
chdir(/home/ehs/source/dotfiles)
chdir(/home/ehs/source/dotfiles)
chdir(/home/ehs/.local/share/nvim/site)
chdir(/home/ehs/source/dotfiles)
chdir(/home/ehs/source/dotfiles)
chdir(/home/ehs/.local/share/nvim/site)
chdir(/home/ehs/source/dotfiles)
chdir(/home/ehs/source/dotfiles)
chdir(/home/ehs/.config/nvim)
chdir(/home/ehs/source/dotfiles)
chdir(/home/ehs/source/dotfiles)
chdir(/etc/xdg/nvim)
chdir(/home/ehs/source/dotfiles)
chdir(/home/ehs/source/dotfiles)
chdir(/home/ehs/.local/share/nvim/site)
chdir(/home/ehs/source/dotfiles)
not found in 'packpath': "start/*"
chdir(/home/ehs/source/dotfiles)
chdir(/home/ehs/.local/share/nvim/site/pack/paqs/opt/paq-nvim/plugin)
chdir(/home/ehs/source/dotfiles)
sourcing "/home/ehs/.local/share/nvim/site/pack/paqs/opt/paq-nvim/plugin/paq-nvim.vim"
finished sourcing /home/ehs/.local/share/nvim/site/pack/paqs/opt/paq-nvim/plugin/paq-nvim.vim
chdir(/home/ehs/source/dotfiles)
chdir(/usr/share/nvim/runtime/plugin)
chdir(/home/ehs/source/dotfiles)
sourcing "/usr/share/nvim/runtime/plugin/gzip.vim"
finished sourcing /usr/share/nvim/runtime/plugin/gzip.vim
chdir(/home/ehs/source/dotfiles)
chdir(/usr/share/nvim/runtime/plugin)
chdir(/home/ehs/source/dotfiles)
sourcing "/usr/share/nvim/runtime/plugin/health.vim"
finished sourcing /usr/share/nvim/runtime/plugin/health.vim
chdir(/home/ehs/source/dotfiles)
chdir(/usr/share/nvim/runtime/plugin)
chdir(/home/ehs/source/dotfiles)
sourcing "/usr/share/nvim/runtime/plugin/man.vim"
finished sourcing /usr/share/nvim/runtime/plugin/man.vim
chdir(/home/ehs/source/dotfiles)
chdir(/usr/share/nvim/runtime/plugin)
chdir(/home/ehs/source/dotfiles)
sourcing "/usr/share/nvim/runtime/plugin/matchit.vim"
not found in 'packpath': "pack/*/start/matchit"
chdir(/home/ehs/source/dotfiles)
chdir(/usr/share/nvim/runtime)
chdir(/home/ehs/source/dotfiles)
chdir(/home/ehs/source/dotfiles)
chdir(/home/ehs/.config/nvim)
chdir(/home/ehs/source/dotfiles)
chdir(/home/ehs/source/dotfiles)
chdir(/etc/xdg/nvim)
chdir(/home/ehs/source/dotfiles)
chdir(/home/ehs/source/dotfiles)
chdir(/home/ehs/.local/share/nvim/site)
chdir(/home/ehs/source/dotfiles)
chdir(/home/ehs/source/dotfiles)
chdir(/home/ehs/.local/share/nvim/site/pack/paqs/start/telescope.nvim)
chdir(/home/ehs/source/dotfiles)
chdir(/home/ehs/source/dotfiles)
chdir(/home/ehs/.local/share/nvim/site/pack/paqs/start/rust.vim)
chdir(/home/ehs/source/dotfiles)
chdir(/home/ehs/source/dotfiles)
chdir(/home/ehs/.local/share/nvim/site/pack/paqs/start/popup.nvim)
chdir(/home/ehs/source/dotfiles)
chdir(/home/ehs/source/dotfiles)
chdir(/home/ehs/.local/share/nvim/site/pack/paqs/start/plenary.nvim)
chdir(/home/ehs/source/dotfiles)
chdir(/home/ehs/source/dotfiles)
chdir(/home/ehs/.local/share/nvim/site/pack/paqs/start/nvim-treesitter)
chdir(/home/ehs/source/dotfiles)
chdir(/home/ehs/source/dotfiles)
chdir(/home/ehs/.local/share/nvim/site/pack/paqs/start/nvim-lspfuzzy)
chdir(/home/ehs/source/dotfiles)
chdir(/home/ehs/source/dotfiles)
chdir(/home/ehs/.local/share/nvim/site/pack/paqs/start/nvim-lspconfig)
chdir(/home/ehs/source/dotfiles)
chdir(/home/ehs/source/dotfiles)
chdir(/home/ehs/.local/share/nvim/site/pack/paqs/start/gruvbox)
chdir(/home/ehs/source/dotfiles)
chdir(/home/ehs/source/dotfiles)
chdir(/home/ehs/.local/share/nvim/site/pack/paqs/start/deoplete.nvim)
chdir(/home/ehs/source/dotfiles)
chdir(/home/ehs/source/dotfiles)
chdir(/home/ehs/.local/share/nvim/site/pack/paqs/start/deoplete-lsp)
chdir(/home/ehs/source/dotfiles)
chdir(/home/ehs/source/dotfiles)
chdir(/home/ehs/.local/share/nvim/site/pack/paqs/opt/paq-nvim)
chdir(/home/ehs/source/dotfiles)
chdir(/home/ehs/source/dotfiles)
chdir(/usr/local/share/nvim/site)
chdir(/home/ehs/source/dotfiles)
chdir(/home/ehs/source/dotfiles)
chdir(/usr/share/nvim/site)
chdir(/home/ehs/source/dotfiles)
chdir(/home/ehs/source/dotfiles)
chdir(/var/lib/snapd/desktop/nvim/site)
chdir(/home/ehs/source/dotfiles)
chdir(/home/ehs/source/dotfiles)
chdir(/usr/share/nvim/runtime)
chdir(/home/ehs/source/dotfiles)
chdir(/home/ehs/source/dotfiles)
chdir(/usr/share/nvim/runtime/pack/dist/opt)
chdir(/home/ehs/source/dotfiles)
chdir(/home/ehs/source/dotfiles)
chdir(/usr/share/nvim/runtime/pack/dist/opt/matchit/plugin)
chdir(/home/ehs/source/dotfiles)
line 3: sourcing "/usr/share/nvim/runtime/pack/dist/opt/matchit/plugin/matchit.vim"
finished sourcing /usr/share/nvim/runtime/pack/dist/opt/matchit/plugin/matchit.vim
continuing in /usr/share/nvim/runtime/plugin/matchit.vim
finished sourcing /usr/share/nvim/runtime/plugin/matchit.vim
chdir(/home/ehs/source/dotfiles)
chdir(/usr/share/nvim/runtime/plugin)
chdir(/home/ehs/source/dotfiles)
sourcing "/usr/share/nvim/runtime/plugin/matchparen.vim"
finished sourcing /usr/share/nvim/runtime/plugin/matchparen.vim
chdir(/home/ehs/source/dotfiles)
chdir(/usr/share/nvim/runtime/plugin)
chdir(/home/ehs/source/dotfiles)
sourcing "/usr/share/nvim/runtime/plugin/netrwPlugin.vim"
finished sourcing /usr/share/nvim/runtime/plugin/netrwPlugin.vim
chdir(/home/ehs/source/dotfiles)
chdir(/usr/share/nvim/runtime/plugin)
chdir(/home/ehs/source/dotfiles)
sourcing "/usr/share/nvim/runtime/plugin/rplugin.vim"
chdir(/home/ehs/source/dotfiles)
chdir(/home/ehs/.local/share/nvim)
chdir(/home/ehs/source/dotfiles)
line 3: sourcing "/home/ehs/.local/share/nvim/rplugin.vim"
chdir(/home/ehs/source/dotfiles)
chdir(/usr/share/nvim/runtime/autoload/remote)
chdir(/home/ehs/source/dotfiles)
line 8: sourcing "/usr/share/nvim/runtime/autoload/remote/host.vim"
finished sourcing /usr/share/nvim/runtime/autoload/remote/host.vim
continuing in /home/ehs/.local/share/nvim/rplugin.vim
chdir(/home/ehs/source/dotfiles)
chdir(/usr/share/nvim/runtime/autoload/remote)
chdir(/home/ehs/source/dotfiles)
line 34: sourcing "/usr/share/nvim/runtime/autoload/remote/define.vim"
finished sourcing /usr/share/nvim/runtime/autoload/remote/define.vim
continuing in function remote#host#RegisterPlugin
finished sourcing /home/ehs/.local/share/nvim/rplugin.vim
continuing in function <SNR>18_LoadRemotePlugins
finished sourcing /usr/share/nvim/runtime/plugin/rplugin.vim
chdir(/home/ehs/source/dotfiles)
chdir(/usr/share/nvim/runtime/plugin)
chdir(/home/ehs/source/dotfiles)
sourcing "/usr/share/nvim/runtime/plugin/shada.vim"
finished sourcing /usr/share/nvim/runtime/plugin/shada.vim
chdir(/home/ehs/source/dotfiles)
chdir(/usr/share/nvim/runtime/plugin)
chdir(/home/ehs/source/dotfiles)
sourcing "/usr/share/nvim/runtime/plugin/spellfile.vim"
finished sourcing /usr/share/nvim/runtime/plugin/spellfile.vim
chdir(/home/ehs/source/dotfiles)
chdir(/usr/share/nvim/runtime/plugin)
chdir(/home/ehs/source/dotfiles)
sourcing "/usr/share/nvim/runtime/plugin/tarPlugin.vim"
finished sourcing /usr/share/nvim/runtime/plugin/tarPlugin.vim
chdir(/home/ehs/source/dotfiles)
chdir(/usr/share/nvim/runtime/plugin)
chdir(/home/ehs/source/dotfiles)
sourcing "/usr/share/nvim/runtime/plugin/tohtml.vim"
finished sourcing /usr/share/nvim/runtime/plugin/tohtml.vim
chdir(/home/ehs/source/dotfiles)
chdir(/usr/share/nvim/runtime/plugin)
chdir(/home/ehs/source/dotfiles)
sourcing "/usr/share/nvim/runtime/plugin/tutor.vim"
finished sourcing /usr/share/nvim/runtime/plugin/tutor.vim
chdir(/home/ehs/source/dotfiles)
chdir(/usr/share/nvim/runtime/plugin)
chdir(/home/ehs/source/dotfiles)
sourcing "/usr/share/nvim/runtime/plugin/zipPlugin.vim"
finished sourcing /usr/share/nvim/runtime/plugin/zipPlugin.vim
chdir(/home/ehs/source/dotfiles)
chdir(/home/ehs/.local/share/nvim/site/pack/paqs/start)
chdir(/home/ehs/source/dotfiles)
chdir(/home/ehs/source/dotfiles)
chdir(/home/ehs/.local/share/nvim/site/pack/paqs/start/deoplete-lsp/plugin/deoplete)
chdir(/home/ehs/source/dotfiles)
sourcing "/home/ehs/.local/share/nvim/site/pack/paqs/start/deoplete-lsp/plugin/deoplete/lsp.vim"
chdir(/home/ehs/source/dotfiles)
chdir(/home/ehs/.local/share/nvim/site/pack/paqs/start/deoplete-lsp/autoload/deoplete)
chdir(/home/ehs/source/dotfiles)
line 14: sourcing "/home/ehs/.local/share/nvim/site/pack/paqs/start/deoplete-lsp/autoload/deoplete/lsp.vim"
finished sourcing /home/ehs/.local/share/nvim/site/pack/paqs/start/deoplete-lsp/autoload/deoplete/lsp.vim
continuing in /home/ehs/.local/share/nvim/site/pack/paqs/start/deoplete-lsp/plugin/deoplete/lsp.vim
finished sourcing /home/ehs/.local/share/nvim/site/pack/paqs/start/deoplete-lsp/plugin/deoplete/lsp.vim
chdir(/home/ehs/source/dotfiles)
chdir(/home/ehs/.local/share/nvim/site/pack/paqs/start)
chdir(/home/ehs/source/dotfiles)
chdir(/home/ehs/source/dotfiles)
chdir(/home/ehs/.local/share/nvim/site/pack/paqs/start/deoplete.nvim/plugin)
chdir(/home/ehs/source/dotfiles)
sourcing "/home/ehs/.local/share/nvim/site/pack/paqs/start/deoplete.nvim/plugin/deoplete.vim"
chdir(/home/ehs/source/dotfiles)
chdir(/home/ehs/.local/share/nvim/site/pack/paqs/start/deoplete.nvim/autoload)
chdir(/home/ehs/source/dotfiles)
line 14: sourcing "/home/ehs/.local/share/nvim/site/pack/paqs/start/deoplete.nvim/autoload/deoplete.vim"
finished sourcing /home/ehs/.local/share/nvim/site/pack/paqs/start/deoplete.nvim/autoload/deoplete.vim
continuing in /home/ehs/.local/share/nvim/site/pack/paqs/start/deoplete.nvim/plugin/deoplete.vim
finished sourcing /home/ehs/.local/share/nvim/site/pack/paqs/start/deoplete.nvim/plugin/deoplete.vim
chdir(/home/ehs/source/dotfiles)
chdir(/home/ehs/.local/share/nvim/site/pack/paqs/start)
chdir(/home/ehs/source/dotfiles)
chdir(/home/ehs/source/dotfiles)
chdir(/home/ehs/.local/share/nvim/site/pack/paqs/start)
chdir(/home/ehs/source/dotfiles)
chdir(/home/ehs/source/dotfiles)
chdir(/home/ehs/.local/share/nvim/site/pack/paqs/start/nvim-lspconfig/plugin)
chdir(/home/ehs/source/dotfiles)
sourcing "/home/ehs/.local/share/nvim/site/pack/paqs/start/nvim-lspconfig/plugin/lspconfig.vim"
finished sourcing /home/ehs/.local/share/nvim/site/pack/paqs/start/nvim-lspconfig/plugin/lspconfig.vim
chdir(/home/ehs/source/dotfiles)
chdir(/home/ehs/.local/share/nvim/site/pack/paqs/start)
chdir(/home/ehs/source/dotfiles)
chdir(/home/ehs/source/dotfiles)
chdir(/home/ehs/.local/share/nvim/site/pack/paqs/start/nvim-lspfuzzy/plugin)
chdir(/home/ehs/source/dotfiles)
sourcing "/home/ehs/.local/share/nvim/site/pack/paqs/start/nvim-lspfuzzy/plugin/lspfuzzy.vim"
finished sourcing /home/ehs/.local/share/nvim/site/pack/paqs/start/nvim-lspfuzzy/plugin/lspfuzzy.vim
chdir(/home/ehs/source/dotfiles)
chdir(/home/ehs/.local/share/nvim/site/pack/paqs/start)
chdir(/home/ehs/source/dotfiles)
chdir(/home/ehs/source/dotfiles)
chdir(/home/ehs/.local/share/nvim/site/pack/paqs/start/nvim-treesitter/plugin)
chdir(/home/ehs/source/dotfiles)
sourcing "/home/ehs/.local/share/nvim/site/pack/paqs/start/nvim-treesitter/plugin/nvim-treesitter.vim"
finished sourcing /home/ehs/.local/share/nvim/site/pack/paqs/start/nvim-treesitter/plugin/nvim-treesitter.vim
chdir(/home/ehs/source/dotfiles)
chdir(/home/ehs/.local/share/nvim/site/pack/paqs/start/nvim-treesitter/ftdetect)
chdir(/home/ehs/source/dotfiles)
sourcing "/home/ehs/.local/share/nvim/site/pack/paqs/start/nvim-treesitter/ftdetect/query.vim"
finished sourcing /home/ehs/.local/share/nvim/site/pack/paqs/start/nvim-treesitter/ftdetect/query.vim
chdir(/home/ehs/source/dotfiles)
chdir(/home/ehs/.local/share/nvim/site/pack/paqs/start)
chdir(/home/ehs/source/dotfiles)
chdir(/home/ehs/source/dotfiles)
chdir(/home/ehs/.local/share/nvim/site/pack/paqs/start/plenary.nvim/plugin)
chdir(/home/ehs/source/dotfiles)
sourcing "/home/ehs/.local/share/nvim/site/pack/paqs/start/plenary.nvim/plugin/plenary.vim"
not found in 'runtimepath': "lua/plenary/neorocks.lua"
not found in 'packpath': "pack/*/start/*/lua/plenary/neorocks.lua"
not found in 'packpath': "start/*/lua/plenary/neorocks.lua"
not found in 'runtimepath': "lua/ffi.lua"
not found in 'packpath': "pack/*/start/*/lua/ffi.lua"
not found in 'packpath': "start/*/lua/ffi.lua"
not found in 'runtimepath': "lua/ffi/init.lua"
not found in 'packpath': "pack/*/start/*/lua/ffi/init.lua"
not found in 'packpath': "start/*/lua/ffi/init.lua"
not found in 'runtimepath': "lua/ffi.so"
not found in 'packpath': "pack/*/start/*/lua/ffi.so"
not found in 'packpath': "start/*/lua/ffi.so"
finished sourcing /home/ehs/.local/share/nvim/site/pack/paqs/start/plenary.nvim/plugin/plenary.vim
chdir(/home/ehs/source/dotfiles)
chdir(/home/ehs/.local/share/nvim/site/pack/paqs/start)
chdir(/home/ehs/source/dotfiles)
chdir(/home/ehs/source/dotfiles)
chdir(/home/ehs/.local/share/nvim/site/pack/paqs/start)
chdir(/home/ehs/source/dotfiles)
chdir(/home/ehs/source/dotfiles)
chdir(/home/ehs/.local/share/nvim/site/pack/paqs/start/rust.vim/plugin)
chdir(/home/ehs/source/dotfiles)
sourcing "/home/ehs/.local/share/nvim/site/pack/paqs/start/rust.vim/plugin/cargo.vim"
finished sourcing /home/ehs/.local/share/nvim/site/pack/paqs/start/rust.vim/plugin/cargo.vim
chdir(/home/ehs/source/dotfiles)
chdir(/home/ehs/.local/share/nvim/site/pack/paqs/start/rust.vim/plugin)
chdir(/home/ehs/source/dotfiles)
sourcing "/home/ehs/.local/share/nvim/site/pack/paqs/start/rust.vim/plugin/rust.vim"
finished sourcing /home/ehs/.local/share/nvim/site/pack/paqs/start/rust.vim/plugin/rust.vim
chdir(/home/ehs/source/dotfiles)
chdir(/home/ehs/.local/share/nvim/site/pack/paqs/start/rust.vim/ftdetect)
chdir(/home/ehs/source/dotfiles)
sourcing "/home/ehs/.local/share/nvim/site/pack/paqs/start/rust.vim/ftdetect/rust.vim"
finished sourcing /home/ehs/.local/share/nvim/site/pack/paqs/start/rust.vim/ftdetect/rust.vim
chdir(/home/ehs/source/dotfiles)
chdir(/home/ehs/.local/share/nvim/site/pack/paqs/start)
chdir(/home/ehs/source/dotfiles)
chdir(/home/ehs/source/dotfiles)
chdir(/home/ehs/.local/share/nvim/site/pack/paqs/start/telescope.nvim/plugin)
chdir(/home/ehs/source/dotfiles)
sourcing "/home/ehs/.local/share/nvim/site/pack/paqs/start/telescope.nvim/plugin/telescope.vim"
finished sourcing /home/ehs/.local/share/nvim/site/pack/paqs/start/telescope.nvim/plugin/telescope.vim
not found in 'packpath': "start/*"
not found in 'runtimepath': "plugin/**/*.vim"
not found in 'packpath': "pack/*/start/*/plugin/**/*.vim"
not found in 'packpath': "start/*/plugin/**/*.vim"
Reading ShaDa file "/home/ehs/.local/share/nvim/shada/main.shada" info marks oldfiles
Executing BufEnter Autocommands for "*"
autocommand sil call s:LocalBrowse(expand("<amatch>"))

Executing VimEnter Autocommands for "*"
autocommand sil call s:VimEnter(expand("<amatch>"))

chdir(/home/ehs/source/dotfiles)
chdir(/usr/share/nvim/runtime/autoload)
chdir(/home/ehs/source/dotfiles)
line 30: sourcing "/usr/share/nvim/runtime/autoload/netrw.vim"
finished sourcing /usr/share/nvim/runtime/autoload/netrw.vim
continuing in function <SNR>17_VimEnter[4]..<SNR>17_LocalBrowse
chdir(/home/ehs/source/dotfiles)
chdir(/home/ehs/.local/share/nvim)
chdir(/home/ehs/source/dotfiles)
line 22: sourcing "/home/ehs/.local/share/nvim/.netrwhist"
finished sourcing /home/ehs/.local/share/nvim/.netrwhist
continuing in function <SNR>17_VimEnter[4]..<SNR>17_LocalBrowse[30]..netrw#LocalBrowseCheck[26]..<SNR>39_NetrwBrowse[16]..<SNR>39_NetrwBookHistRead
chdir(/home/ehs/source/dotfiles)
/home/ehs/source/dotfiles
Executing BufReadPost Autocommands for "*"
autocommand if !did_filetype() && expand("<amatch>") !~ g:ft_ignore_pat | runtime! scripts.vim | endif

chdir(/home/ehs/source/dotfiles)
chdir(/usr/share/nvim/runtime)
chdir(/home/ehs/source/dotfiles)
line 0: sourcing "/usr/share/nvim/runtime/scripts.vim"
finished sourcing /usr/share/nvim/runtime/scripts.vim
continuing in BufReadPost Autocommands for "*"
not found in 'packpath': "pack/*/start/*/scripts.vim"
not found in 'packpath': "start/*/scripts.vim"
Executing BufReadPost Autocommands for "*"
autocommand if !did_filetype() && expand("<amatch>") !~ g:ft_ignore_pat    && (getline(1) =~ '^#' || getline(2) =~ '^#' || getline(3) =~ '^#'^I|| getline(4) =~ '^#' || getline(5) =~ '^#') |   setf FALLBACK conf | endif

chdir(/home/ehs/source/dotfiles)
chdir(/home/ehs/source/dotfiles)
chdir(/home/ehs/source/dotfiles)
Error detected while processing function <SNR>17_VimEnter[4]..<SNR>17_LocalBrowse[30]..netrw#LocalBrowseCheck[26]..<SNR>39_NetrwBrowse[141]..<SNR>39_NetrwGetBuffer[67]..<SNR>39_NetrwEnew[64]..<SNR>39_NetrwBufRename:
line   10:
E95: Buffer with this name already exists
chdir(/home/ehs/source/dotfiles)
chdir(/home/ehs/source/dotfiles)
chdir(/home/ehs/source/dotfiles)
Error detected while processing function <SNR>17_VimEnter[4]..<SNR>17_LocalBrowse[30]..netrw#LocalBrowseCheck[26]..<SNR>39_NetrwBrowse[141]..<SNR>39_NetrwGetBuffer[86]..<SNR>39_NetrwBufRename:
line   10:
E95: Buffer with this name already exists
Executing FileType Autocommands for "*"
autocommand call s:LoadFTPlugin()

not found in 'runtimepath': "ftplugin/netrw.vim ftplugin/netrw_*.vim ftplugin/netrw/*.vim"
not found in 'packpath': "pack/*/start/*/ftplugin/netrw.vim ftplugin/netrw_*.vim ftplugin/netrw/*.vim"
not found in 'packpath': "start/*/ftplugin/netrw.vim ftplugin/netrw_*.vim ftplugin/netrw/*.vim"
Executing FileType Autocommands for "*"
autocommand call s:LoadIndent()

not found in 'runtimepath': "indent/netrw.vim"
not found in 'packpath': "pack/*/start/*/indent/netrw.vim"
not found in 'packpath': "start/*/indent/netrw.vim"
Executing FileType Autocommands for "*"
autocommand exe "set syntax=" . expand("<amatch>")

Executing Syntax Autocommands for "*"
autocommand call s:SynSet()

chdir(/home/ehs/source/dotfiles)
chdir(/usr/share/nvim/runtime/syntax)
chdir(/home/ehs/source/dotfiles)
line 24: sourcing "/usr/share/nvim/runtime/syntax/netrw.vim"
netrwGray      xxx cleared
finished sourcing /usr/share/nvim/runtime/syntax/netrw.vim
continuing in function <SNR>9_SynSet
not found in 'packpath': "pack/*/start/*/syntax/netrw.vim syntax/netrw/*.vim"
not found in 'packpath': "start/*/syntax/netrw.vim syntax/netrw/*.vim"
Executing FileType Autocommands for "*"
autocommand call s:LoadFTPlugin()

not found in 'runtimepath': "ftplugin/netrw.vim ftplugin/netrw_*.vim ftplugin/netrw/*.vim"
not found in 'packpath': "pack/*/start/*/ftplugin/netrw.vim ftplugin/netrw_*.vim ftplugin/netrw/*.vim"
not found in 'packpath': "start/*/ftplugin/netrw.vim ftplugin/netrw_*.vim ftplugin/netrw/*.vim"
Executing FileType Autocommands for "*"
autocommand call s:LoadIndent()

not found in 'runtimepath': "indent/netrw.vim"
not found in 'packpath': "pack/*/start/*/indent/netrw.vim"
not found in 'packpath': "start/*/indent/netrw.vim"
Executing FileType Autocommands for "*"
autocommand exe "set syntax=" . expand("<amatch>")

Executing Syntax Autocommands for "*"
autocommand call s:SynSet()

chdir(/home/ehs/source/dotfiles)
chdir(/usr/share/nvim/runtime/syntax)
chdir(/home/ehs/source/dotfiles)
line 24: sourcing "/usr/share/nvim/runtime/syntax/netrw.vim"
netrwGray      xxx links to Folded
	Last set from /usr/share/nvim/runtime/syntax/netrw.vim line 139
finished sourcing /usr/share/nvim/runtime/syntax/netrw.vim
continuing in function <SNR>9_SynSet
not found in 'packpath': "pack/*/start/*/syntax/netrw.vim syntax/netrw/*.vim"
not found in 'packpath': "start/*/syntax/netrw.vim syntax/netrw/*.vim"
Pattern not found: ^$
Pattern not found: ^\d\{3}ÿ\d\{3}\/
Pattern not found: \<core\%(\.\d\+\)\=\>
Pattern not found: ^\d\{3}ÿ\d\{3}\/
Pattern not found: \.h$
Pattern not found: ^\d\{3}ÿ\d\{3}\/
Pattern not found: \.c$
Pattern not found: ^\d\{3}ÿ\d\{3}\/
Pattern not found: \.cpp$
Pattern not found: ^\d\{3}ÿ\d\{3}\/
Pattern not found: ^\d\{3}ÿ\d\{3}\/
Pattern not found: \.o$
Pattern not found: ^\d\{3}ÿ\d\{3}\/
Pattern not found: \.obj$
Pattern not found: ^\d\{3}ÿ\d\{3}\/
Pattern not found: \.info$
Pattern not found: ^\d\{3}ÿ\d\{3}\/
Pattern not found: \.swp$
Pattern not found: ^\d\{3}ÿ\d\{3}\/
Pattern not found: \.bak$
Pattern not found: ^\d\{3}ÿ\d\{3}\/
Pattern not found: \~$
Pattern not found: ^\d\{3}ÿ\d\{3}\/
Error detected while processing function <SNR>17_VimEnter[4]..<SNR>17_LocalBrowse[30]..netrw#LocalBrowseCheck[26]..<SNR>39_NetrwBrowse[252]..<SNR>39_PerformListing[239]..<SNR>39_NetrwWideListing:
line   65:
E31: No such mapping
Error detected while processing function <SNR>17_VimEnter[4]..<SNR>17_LocalBrowse[30]..netrw#LocalBrowseCheck[26]..<SNR>39_NetrwBrowse[252]..<SNR>39_PerformListing[239]..<SNR>39_NetrwWideListing:
line   68:
E31: No such mapping
Pattern not found: @$
chdir(/home/ehs/source/dotfiles)
/home/ehs/source/dotfiles
Executing VimEnter Autocommands for "*"
autocommand call deoplete#lsp#enable()

chdir(/home/ehs/source/dotfiles)
chdir(/home/ehs/.local/share/nvim/site/pack/paqs/start/deoplete-lsp/autoload/deoplete/lsp)
chdir(/home/ehs/source/dotfiles)
line 10: sourcing "/home/ehs/.local/share/nvim/site/pack/paqs/start/deoplete-lsp/autoload/deoplete/lsp/init.vim"
finished sourcing /home/ehs/.local/share/nvim/site/pack/paqs/start/deoplete-lsp/autoload/deoplete/lsp/init.vim
continuing in function deoplete#lsp#enable
chdir(/home/ehs/source/dotfiles)
chdir(/home/ehs/.local/share/nvim/site/pack/paqs/start/deoplete-lsp/autoload/deoplete/lsp)
chdir(/home/ehs/source/dotfiles)
line 5: sourcing "/home/ehs/.local/share/nvim/site/pack/paqs/start/deoplete-lsp/autoload/deoplete/lsp/handler.vim"
finished sourcing /home/ehs/.local/share/nvim/site/pack/paqs/start/deoplete-lsp/autoload/deoplete/lsp/handler.vim
continuing in function deoplete#lsp#enable[14]..deoplete#lsp#init#_enable_handler
Executing VimEnter Autocommands for "*"
autocommand call deoplete#enable()

chdir(/home/ehs/source/dotfiles)
chdir(/home/ehs/.local/share/nvim/site/pack/paqs/start/deoplete.nvim/autoload/deoplete)
chdir(/home/ehs/source/dotfiles)
line 1: sourcing "/home/ehs/.local/share/nvim/site/pack/paqs/start/deoplete.nvim/autoload/deoplete/init.vim"
finished sourcing /home/ehs/.local/share/nvim/site/pack/paqs/start/deoplete.nvim/autoload/deoplete/init.vim
continuing in function deoplete#enable[9]..deoplete#initialize
chdir(/home/ehs/source/dotfiles)
chdir(/home/ehs/.local/share/nvim/site/pack/paqs/start/deoplete.nvim/autoload/deoplete)
chdir(/home/ehs/source/dotfiles)
line 8: sourcing "/home/ehs/.local/share/nvim/site/pack/paqs/start/deoplete.nvim/autoload/deoplete/custom.vim"
finished sourcing /home/ehs/.local/share/nvim/site/pack/paqs/start/deoplete.nvim/autoload/deoplete/custom.vim
continuing in function deoplete#enable[9]..deoplete#initialize[1]..deoplete#init#_initialize
chdir(/home/ehs/source/dotfiles)
chdir(/home/ehs/.local/share/nvim/site/pack/paqs/start/deoplete.nvim/autoload/deoplete)
chdir(/home/ehs/source/dotfiles)
line 11: sourcing "/home/ehs/.local/share/nvim/site/pack/paqs/start/deoplete.nvim/autoload/deoplete/util.vim"
finished sourcing /home/ehs/.local/share/nvim/site/pack/paqs/start/deoplete.nvim/autoload/deoplete/util.vim
continuing in function deoplete#enable[9]..deoplete#initialize[1]..deoplete#init#_initialize[10]..<SNR>45_init_internal_variables
not found in 'runtimepath': "autoload/context_filetype.vim"
not found in 'packpath': "pack/*/start/*/autoload/context_filetype.vim"
not found in 'packpath': "start/*/autoload/context_filetype.vim"
Error detected while processing function deoplete#enable[9]..deoplete#initialize[1]..deoplete#init#_initialize:
line   13:
E117: Unknown function: context_filetype#get
Executing FuncUndefined Autocommands for "_deoplete_init"
autocommand call remote#define#FunctionBootstrap("python3", "/home/ehs/.local/share/nvim/site/pack/paqs/start/deoplete.nvim/rplugin/python3/deoplete:function:_deoplete_init", v:false, "_deoplete_init", {}, "RPC_DEFINE_AUTOCMD_GROUP_1")

chdir(/home/ehs/source/dotfiles)
chdir(/usr/share/nvim/runtime/autoload/provider)
chdir(/home/ehs/source/dotfiles)
line 10: sourcing "/usr/share/nvim/runtime/autoload/provider/pythonx.vim"
finished sourcing /usr/share/nvim/runtime/autoload/provider/pythonx.vim
continuing in function remote#define#FunctionBootstrap[1]..remote#host#Require
chdir(/home/ehs/source/dotfiles)
chdir(/usr/share/nvim/runtime/autoload/provider)
chdir(/home/ehs/source/dotfiles)
line 4: sourcing "/usr/share/nvim/runtime/autoload/provider/python3.vim"
Executing command: "'/usr/bin/python3' '-c' 'import sys; sys.path = list(filter(lambda x: x != "", sys.path)); sys.stdout.write(str(sys.version_info[0]) + "." + str(sys.version_info[1])); import pkgutil; exit(2*int(pkgutil.get_loader("neovim") is None))'"


finished sourcing /usr/share/nvim/runtime/autoload/provider/python3.vim
continuing in function remote#define#FunctionBootstrap[1]..remote#host#Require[10]..provider#pythonx#Require
chdir(/home/ehs/source/dotfiles)
chdir(/usr/share/nvim/runtime/autoload)
chdir(/home/ehs/source/dotfiles)
line 14: sourcing "/usr/share/nvim/runtime/autoload/provider.vim"
finished sourcing /usr/share/nvim/runtime/autoload/provider.vim
continuing in function remote#define#FunctionBootstrap[1]..remote#host#Require[10]..provider#pythonx#Require
chdir(/home/ehs/source/dotfiles)
chdir(/home/ehs/.local/share/nvim/site/pack/paqs/start/deoplete.nvim/autoload/deoplete)
chdir(/home/ehs/source/dotfiles)
line 19: sourcing "/home/ehs/.local/share/nvim/site/pack/paqs/start/deoplete.nvim/autoload/deoplete/mapping.vim"
finished sourcing /home/ehs/.local/share/nvim/site/pack/paqs/start/deoplete.nvim/autoload/deoplete/mapping.vim
continuing in function deoplete#enable[9]..deoplete#initialize[1]..deoplete#init#_initialize
chdir(/home/ehs/source/dotfiles)
chdir(/home/ehs/.local/share/nvim/site/pack/paqs/start/deoplete.nvim/autoload/deoplete)
chdir(/home/ehs/source/dotfiles)
line 1: sourcing "/home/ehs/.local/share/nvim/site/pack/paqs/start/deoplete.nvim/autoload/deoplete/handler.vim"
finished sourcing /home/ehs/.local/share/nvim/site/pack/paqs/start/deoplete.nvim/autoload/deoplete/handler.vim
continuing in function deoplete#enable[12]..deoplete#init#_enable_handler
Executing CursorMoved Autocommands for "*"
autocommand call s:Highlight_Matching_Pair()

Executing TextChanged Autocommands for "*"
autocommand call s:Highlight_Matching_Pair()


--- Terminal info --- {{{
&term: xterm-256color
Description: xterm with 256 colors
Aliases: xterm-256color
Boolean capabilities:
  auto_left_margin          bw         = false
  auto_right_margin         am         = true
  no_esc_ctlc               xsb        = false
  ceol_standout_glitch      xhp        = false
  eat_newline_glitch        xenl       = true
  erase_overstrike          eo         = false
  generic_type              gn         = false
  hard_copy                 hc         = false
  has_meta_key              km         = true
  has_status_line           hs         = false
  insert_null_glitch        in         = false
  memory_above              da         = false
  memory_below              db         = false
  move_insert_mode          mir        = true
  move_standout_mode        msgr       = true
  over_strike               os         = false
  status_line_esc_ok        eslok      = false
  dest_tabs_magic_smso      xt         = false
  tilde_glitch              hz         = false
  transparent_underline     ul         = false
  xon_xoff                  xon        = false
  needs_xon_xoff            nxon       = false
  prtr_silent               mc5i       = true
  hard_cursor               chts       = false
  non_rev_rmcup             nrrmc      = false
  no_pad_char               npc        = true
  non_dest_scroll_region    ndscr      = false
  can_change                ccc        = true
  back_color_erase          bce        = true
  hue_lightness_saturation  hls        = false
  col_addr_glitch           xhpa       = false
  cr_cancels_micro_mode     crxm       = false
  has_print_wheel           daisy      = false
  row_addr_glitch           xvpa       = false
  semi_auto_right_margin    sam        = false
  cpi_changes_res           cpix       = false
  lpi_changes_res           lpix       = false
  backspaces_with_bs        OTbs       = true
  crt_no_scrolling          OTns       = false
  no_correctly_working_cr   OTnc       = false
  gnu_has_meta_key          OTMT       = false
  linefeed_is_newline       OTNL       = false
  has_hardware_tabs         OTpt       = false
  return_does_clr_eol       OTxr       = false
Numeric capabilities:
  columns                   cols       = 80
  init_tabs                 it         = 8
  lines                     lines      = 24
  lines_of_memory           lm         = -1
  magic_cookie_glitch       xmc        = -1
  padding_baud_rate         pb         = -1
  virtual_terminal          vt         = -1
  width_status_line         wsl        = -1
  num_labels                nlab       = -1
  label_height              lh         = -1
  label_width               lw         = -1
  max_attributes            ma         = -1
  maximum_windows           wnum       = -1
  max_colors                colors     = 256
  max_pairs                 pairs      = 65536
  no_color_video            ncv        = -1
  buffer_capacity           bufsz      = -1
  dot_vert_spacing          spinv      = -1
  dot_horz_spacing          spinh      = -1
  max_micro_address         maddr      = -1
  max_micro_jump            mjump      = -1
  micro_col_size            mcs        = -1
  micro_line_size           mls        = -1
  number_of_pins            npins      = -1
  output_res_char           orc        = -1
  output_res_line           orl        = -1
  output_res_horz_inch      orhi       = -1
  output_res_vert_inch      orvi       = -1
  print_rate                cps        = -1
  wide_char_size            widcs      = -1
  buttons                   btns       = -1
  bit_image_entwining       bitwin     = -1
  bit_image_type            bitype     = -1
  magic_cookie_glitch_ul    OTug       = -1
  carriage_return_delay     OTdC       = -1
  new_line_delay            OTdN       = -1
  backspace_delay           OTdB       = -1
  horizontal_tab_delay      OTdT       = -1
  number_of_function_keys   OTkn       = -1
String capabilities:
  back_tab                  cbt        = <Esc>[Z
  bell                      bel        = <C-G>
  carriage_return           cr         = <CR>
  change_scroll_region      csr        = <Esc>[%i%p1%d;%p2%dr
  clear_all_tabs            tbc        = <Esc>[3g
  clear_screen              clear      = <Esc>[H<Esc>[2J
  clr_eol                   el         = <Esc>[K
  clr_eos                   ed         = <Esc>[J
  column_address            hpa        = <Esc>[%i%p1%dG
  cursor_address            cup        = <Esc>[%i%p1%d;%p2%dH
  cursor_down               cud1       = <NL>
  cursor_home               home       = <Esc>[H
  cursor_invisible          civis      = <Esc>[?25l
  cursor_left               cub1       = <C-H>
  cursor_normal             cnorm      = <Esc>[?25h
  cursor_right              cuf1       = <Esc>[C
  cursor_up                 cuu1       = <Esc>[A
  cursor_visible            cvvis      = <Esc>[?12;25h
  delete_character          dch1       = <Esc>[P
  delete_line               dl1        = <Esc>[M
  enter_alt_charset_mode    smacs      = <Esc>(0
  enter_blink_mode          blink      = <Esc>[5m
  enter_bold_mode           bold       = <Esc>[1m
  enter_ca_mode             smcup      = <Esc>[?1049h<Esc>[22;0;0t
  enter_dim_mode            dim        = <Esc>[2m
  enter_insert_mode         smir       = <Esc>[4h
  enter_secure_mode         invis      = <Esc>[8m
  enter_reverse_mode        rev        = <Esc>[7m
  enter_standout_mode       smso       = <Esc>[7m
  enter_underline_mode      smul       = <Esc>[4m
  erase_chars               ech        = <Esc>[%p1%dX
  exit_alt_charset_mode     rmacs      = <Esc>(B
  exit_attribute_mode       sgr0       = <Esc>(B<Esc>[m
  exit_ca_mode              rmcup      = <Esc>[?1049l<Esc>[23;0;0t
  exit_insert_mode          rmir       = <Esc>[4l
  exit_standout_mode        rmso       = <Esc>[27m
  exit_underline_mode       rmul       = <Esc>[24m
  flash_screen              flash      = <Esc>[?5h$<100/><Esc>[?5l
  from_status_line          fsl        = <C-G>
  init_2string              is2        = <Esc>[!p<Esc>[?3;4l<Esc>[4l<Esc>>
  insert_line               il1        = <Esc>[L
  key_backspace             kbs        = <^?>
  key_dc                    kdch1      = <Esc>[3~
  key_down                  kcud1      = <Esc>OB
  key_f1                    kf1        = <Esc>OP
  key_f10                   kf10       = <Esc>[21~
  key_f2                    kf2        = <Esc>OQ
  key_f3                    kf3        = <Esc>OR
  key_f4                    kf4        = <Esc>OS
  key_f5                    kf5        = <Esc>[15~
  key_f6                    kf6        = <Esc>[17~
  key_f7                    kf7        = <Esc>[18~
  key_f8                    kf8        = <Esc>[19~
  key_f9                    kf9        = <Esc>[20~
  key_home                  khome      = <Esc>OH
  key_ic                    kich1      = <Esc>[2~
  key_left                  kcub1      = <Esc>OD
  key_npage                 knp        = <Esc>[6~
  key_ppage                 kpp        = <Esc>[5~
  key_right                 kcuf1      = <Esc>OC
  key_sf                    kind       = <Esc>[1;2B
  key_sr                    kri        = <Esc>[1;2A
  key_up                    kcuu1      = <Esc>OA
  keypad_local              rmkx       = <Esc>[?1l<Esc>>
  keypad_xmit               smkx       = <Esc>[?1h<Esc>=
  meta_off                  rmm        = <Esc>[?1034l
  meta_on                   smm        = <Esc>[?1034h
  parm_dch                  dch        = <Esc>[%p1%dP
  parm_delete_line          dl         = <Esc>[%p1%dM
  parm_down_cursor          cud        = <Esc>[%p1%dB
  parm_ich                  ich        = <Esc>[%p1%d@
  parm_index                indn       = <Esc>[%p1%dS
  parm_insert_line          il         = <Esc>[%p1%dL
  parm_left_cursor          cub        = <Esc>[%p1%dD
  parm_right_cursor         cuf        = <Esc>[%p1%dC
  parm_rindex               rin        = <Esc>[%p1%dT
  parm_up_cursor            cuu        = <Esc>[%p1%dA
  print_screen              mc0        = <Esc>[i
  prtr_off                  mc4        = <Esc>[4i
  prtr_on                   mc5        = <Esc>[5i
  reset_1string             rs1        = <Esc>c<Esc>]104<C-G>
  reset_2string             rs2        = <Esc>[!p<Esc>[?3;4l<Esc>[4l<Esc>>
  restore_cursor            rc         = <Esc>8
  row_address               vpa        = <Esc>[%i%p1%dd
  save_cursor               sc         = <Esc>7
  scroll_forward            ind        = <NL>
  scroll_reverse            ri         = <Esc>M
  set_attributes            sgr        = %?%p9%t<Esc>(0%e<Esc>(B%;<Esc>[0%?%p6%t;1%;%?%p5%t;2%;%?%p2%t;4%;%?%p1%p3%|%t;7%;%?%p4%t;5%;%?%p7%t;8%;m
  set_tab                   hts        = <Esc>H
  tab                       ht         = <Tab>
  to_status_line            tsl        = <Esc>]0;
  key_b2                    kb2        = <Esc>OE
  acs_chars                 acsc       = ``aaffggiijjkkllmmnnooppqqrrssttuuvvwwxxyyzz{{||}}~~
  key_btab                  kcbt       = <Esc>[Z
  enter_am_mode             smam       = <Esc>[?7h
  exit_am_mode              rmam       = <Esc>[?7l
  key_end                   kend       = <Esc>OF
  key_enter                 kent       = <Esc>OM
  key_sdc                   kDC        = <Esc>[3;2~
  key_send                  kEND       = <Esc>[1;2F
  key_shome                 kHOM       = <Esc>[1;2H
  key_sic                   kIC        = <Esc>[2;2~
  key_sleft                 kLFT       = <Esc>[1;2D
  key_snext                 kNXT       = <Esc>[6;2~
  key_sprevious             kPRV       = <Esc>[5;2~
  key_sright                kRIT       = <Esc>[1;2C
  key_f11                   kf11       = <Esc>[23~
  key_f12                   kf12       = <Esc>[24~
  key_f13                   kf13       = <Esc>[1;2P
  key_f14                   kf14       = <Esc>[1;2Q
  key_f15                   kf15       = <Esc>[1;2R
  key_f16                   kf16       = <Esc>[1;2S
  key_f17                   kf17       = <Esc>[15;2~
  key_f18                   kf18       = <Esc>[17;2~
  key_f19                   kf19       = <Esc>[18;2~
  key_f20                   kf20       = <Esc>[19;2~
  key_f21                   kf21       = <Esc>[20;2~
  key_f22                   kf22       = <Esc>[21;2~
  key_f23                   kf23       = <Esc>[23;2~
  key_f24                   kf24       = <Esc>[24;2~
  key_f25                   kf25       = <Esc>[1;5P
  key_f26                   kf26       = <Esc>[1;5Q
  key_f27                   kf27       = <Esc>[1;5R
  key_f28                   kf28       = <Esc>[1;5S
  key_f29                   kf29       = <Esc>[15;5~
  key_f30                   kf30       = <Esc>[17;5~
  key_f31                   kf31       = <Esc>[18;5~
  key_f32                   kf32       = <Esc>[19;5~
  key_f33                   kf33       = <Esc>[20;5~
  key_f34                   kf34       = <Esc>[21;5~
  key_f35                   kf35       = <Esc>[23;5~
  key_f36                   kf36       = <Esc>[24;5~
  key_f37                   kf37       = <Esc>[1;6P
  key_f38                   kf38       = <Esc>[1;6Q
  key_f39                   kf39       = <Esc>[1;6R
  key_f40                   kf40       = <Esc>[1;6S
  key_f41                   kf41       = <Esc>[15;6~
  key_f42                   kf42       = <Esc>[17;6~
  key_f43                   kf43       = <Esc>[18;6~
  key_f44                   kf44       = <Esc>[19;6~
  key_f45                   kf45       = <Esc>[20;6~
  key_f46                   kf46       = <Esc>[21;6~
  key_f47                   kf47       = <Esc>[23;6~
  key_f48                   kf48       = <Esc>[24;6~
  key_f49                   kf49       = <Esc>[1;3P
  key_f50                   kf50       = <Esc>[1;3Q
  key_f51                   kf51       = <Esc>[1;3R
  key_f52                   kf52       = <Esc>[1;3S
  key_f53                   kf53       = <Esc>[15;3~
  key_f54                   kf54       = <Esc>[17;3~
  key_f55                   kf55       = <Esc>[18;3~
  key_f56                   kf56       = <Esc>[19;3~
  key_f57                   kf57       = <Esc>[20;3~
  key_f58                   kf58       = <Esc>[21;3~
  key_f59                   kf59       = <Esc>[23;3~
  key_f60                   kf60       = <Esc>[24;3~
  key_f61                   kf61       = <Esc>[1;4P
  key_f62                   kf62       = <Esc>[1;4Q
  key_f63                   kf63       = <Esc>[1;4R
  clr_bol                   el1        = <Esc>[1K
  user6                     u6         = <Esc>[%i%d;%dR
  user7                     u7         = <Esc>[6n
  user8                     u8         = <Esc>[?%[;0123456789]c
  user9                     u9         = <Esc>[c
  orig_pair                 op         = <Esc>[39;49m
  orig_colors               oc         = <Esc>]104<C-G>
  initialize_color          initc      = <Esc>]4;%p1%d;rgb:%p2%{255}%*%{1000}%/%2.2X/%p3%{255}%*%{1000}%/%2.2X/%p4%{255}%*%{1000}%/%2.2X<Esc>\
  enter_italics_mode        sitm       = <Esc>[3m
  exit_italics_mode         ritm       = <Esc>[23m
  key_mouse                 kmous      = <Esc>[M
  set_a_foreground          setaf      = <Esc>[%?%p1%{8}%<%t3%p1%d%e%p1%{16}%<%t9%p1%{8}%-%d%e38;5;%p1%d%;m
  set_a_background          setab      = <Esc>[%?%p1%{8}%<%t4%p1%d%e%p1%{16}%<%t10%p1%{8}%-%d%e48;5;%p1%d%;m
  set_tb_margin             smgtb      = <Esc>[%i%p1%d;%p2%dr
  memory_lock               meml       = <Esc>l
  memory_unlock             memu       = <Esc>m
Extended boolean capabilities:
  AX                        = true
  XT                        = true
Extended string capabilities:
  Cr                        = <Esc>]112<C-G>
  Cs                        = <Esc>]12;%p1%s<C-G>
  E3                        = <Esc>[3J
  Ms                        = <Esc>]52;%p1%s;%p2%s<C-G>
  Se                        = <Esc>[2 q
  Ss                        = <Esc>[%p1%d q
  kDC3                      = <Esc>[3;3~
  kDC4                      = <Esc>[3;4~
  kDC5                      = <Esc>[3;5~
  kDC6                      = <Esc>[3;6~
  kDC7                      = <Esc>[3;7~
  kDN                       = <Esc>[1;2B
  kDN3                      = <Esc>[1;3B
  kDN4                      = <Esc>[1;4B
  kDN5                      = <Esc>[1;5B
  kDN6                      = <Esc>[1;6B
  kDN7                      = <Esc>[1;7B
  kEND3                     = <Esc>[1;3F
  kEND4                     = <Esc>[1;4F
  kEND5                     = <Esc>[1;5F
  kEND6                     = <Esc>[1;6F
  kEND7                     = <Esc>[1;7F
  kHOM3                     = <Esc>[1;3H
  kHOM4                     = <Esc>[1;4H
  kHOM5                     = <Esc>[1;5H
  kHOM6                     = <Esc>[1;6H
  kHOM7                     = <Esc>[1;7H
  kIC3                      = <Esc>[2;3~
  kIC4                      = <Esc>[2;4~
  kIC5                      = <Esc>[2;5~
  kIC6                      = <Esc>[2;6~
  kIC7                      = <Esc>[2;7~
  kLFT3                     = <Esc>[1;3D
  kLFT4                     = <Esc>[1;4D
  kLFT5                     = <Esc>[1;5D
  kLFT6                     = <Esc>[1;6D
  kLFT7                     = <Esc>[1;7D
  kNXT3                     = <Esc>[6;3~
  kNXT4                     = <Esc>[6;4~
  kNXT5                     = <Esc>[6;5~
  kNXT6                     = <Esc>[6;6~
  kNXT7                     = <Esc>[6;7~
  kPRV3                     = <Esc>[5;3~
  kPRV4                     = <Esc>[5;4~
  kPRV5                     = <Esc>[5;5~
  kPRV6                     = <Esc>[5;6~
  kPRV7                     = <Esc>[5;7~
  kRIT3                     = <Esc>[1;3C
  kRIT4                     = <Esc>[1;4C
  kRIT5                     = <Esc>[1;5C
  kRIT6                     = <Esc>[1;6C
  kRIT7                     = <Esc>[1;7C
  kUP                       = <Esc>[1;2A
  kUP3                      = <Esc>[1;3A
  kUP4                      = <Esc>[1;4A
  kUP5                      = <Esc>[1;5A
  kUP6                      = <Esc>[1;6A
  kUP7                      = <Esc>[1;7A
  rmxx                      = <Esc>[29m
  smxx                      = <Esc>[9m
  ext.get_bg                = <Esc>]11;?<C-G>
  ext.resize_screen         = <Esc>[8;%p1%d;%p2%dt
  ext.reset_scroll_region   = <Esc>[r
  setrgbf                   = <Esc>[38;2;%p1%d;%p2%d;%p3%dm
  setrgbb                   = <Esc>[48;2;%p1%d;%p2%d;%p3%dm
  ext.set_cursor_color      = <Esc>]12;#%p1%06x<C-G>
  ext.reset_cursor_color    = <Esc>]112<C-G>
  ext.save_title            = <Esc>[22;0;0t
  ext.restore_title         = <Esc>[23;0;0t
  ext.enable_lr_margin      = <Esc>[?69h
  ext.disable_lr_margin     = <Esc>[?69l
  ext.enable_bpaste         = <Esc>[?2004h
  ext.disable_bpaste        = <Esc>[?2004l
  ext.enable_focus          = <Esc>[?1004h
  ext.disable_focus         = <Esc>[?1004l
  ext.enable_mouse          = <Esc>[?1002h<Esc>[?1006h
  ext.disable_mouse         = <Esc>[?1002l<Esc>[?1006l
}}}

Executing CursorMoved Autocommands for "*"
autocommand call s:Highlight_Matching_Pair()

Executing CursorMoved Autocommands for "*"
autocommand call s:Highlight_Matching_Pair()


not found in 'runtimepath': "lua/telescope/builtin.lua"
not found in 'packpath': "pack/*/start/*/lua/telescope/builtin.lua"
not found in 'packpath': "start/*/lua/telescope/builtin.lua"
not found in 'runtimepath': "lua/telescope/actions.lua"
not found in 'packpath': "pack/*/start/*/lua/telescope/actions.lua"
not found in 'packpath': "start/*/lua/telescope/actions.lua"
not found in 'runtimepath': "lua/nvim-web-devicons.lua"
not found in 'packpath': "pack/*/start/*/lua/nvim-web-devicons.lua"
not found in 'packpath': "start/*/lua/nvim-web-devicons.lua"
not found in 'runtimepath': "lua/nvim-web-devicons/init.lua"
not found in 'packpath': "pack/*/start/*/lua/nvim-web-devicons/init.lua"
not found in 'packpath': "start/*/lua/nvim-web-devicons/init.lua"
not found in 'runtimepath': "lua/nvim-web-devicons.so"
not found in 'packpath': "pack/*/start/*/lua/nvim-web-devicons.so"
not found in 'packpath': "start/*/lua/nvim-web-devicons.so"
not found in 'runtimepath': "lua/popup.lua"
not found in 'packpath': "pack/*/start/*/lua/popup.lua"
not found in 'packpath': "start/*/lua/popup.lua"
not found in 'runtimepath': "lua/plenary/window.lua"
not found in 'packpath': "pack/*/start/*/lua/plenary/window.lua"
not found in 'packpath': "start/*/lua/plenary/window.lua"
not found in 'runtimepath': "lua/telescope.lua"
not found in 'packpath': "pack/*/start/*/lua/telescope.lua"
not found in 'packpath': "start/*/lua/telescope.lua"
not found in 'runtimepath': "lua/telescope/_extensions.lua"
not found in 'packpath': "pack/*/start/*/lua/telescope/_extensions.lua"
not found in 'packpath': "start/*/lua/telescope/_extensions.lua"
not found in 'runtimepath': "lua/telescope/previewers.lua"
not found in 'packpath': "pack/*/start/*/lua/telescope/previewers.lua"
not found in 'packpath': "start/*/lua/telescope/previewers.lua"
not found in 'packpath': "start/*/data/plenary/filetypes/base.lua"
not found in 'packpath': "start/*/data/plenary/filetypes/builtin.lua"
chdir(/home/ehs/source/dotfiles)
Executing WinEnter Autocommands for "*"
autocommand call s:Highlight_Matching_Pair()

Executing WinEnter Autocommands for "*"
autocommand if &ft == "netrw"|call s:NetrwInsureWinVars()|endif

chdir(/home/ehs/source/dotfiles)
chdir(/home/ehs/source/dotfiles)
Executing CursorMoved Autocommands for "*"
autocommand call s:Highlight_Matching_Pair()

Executing FileType Autocommands for "*"
autocommand call s:LoadFTPlugin()

not found in 'runtimepath': "ftplugin/TelescopePrompt.vim ftplugin/TelescopePrompt_*.vim ftplugin/TelescopePrompt/*.vim"
not found in 'packpath': "pack/*/start/*/ftplugin/TelescopePrompt.vim ftplugin/TelescopePrompt_*.vim ftplugin/TelescopePrompt/*.vim"
not found in 'packpath': "start/*/ftplugin/TelescopePrompt.vim ftplugin/TelescopePrompt_*.vim ftplugin/TelescopePrompt/*.vim"
Executing FileType Autocommands for "*"
autocommand call s:LoadIndent()

not found in 'runtimepath': "indent/TelescopePrompt.vim"
not found in 'packpath': "pack/*/start/*/indent/TelescopePrompt.vim"
not found in 'packpath': "start/*/indent/TelescopePrompt.vim"
Executing FileType Autocommands for "*"
autocommand exe "set syntax=" . expand("<amatch>")

Executing Syntax Autocommands for "*"
autocommand call s:SynSet()

not found in 'runtimepath': "syntax/TelescopePrompt.vim syntax/TelescopePrompt/*.vim"
not found in 'packpath': "pack/*/start/*/syntax/TelescopePrompt.vim syntax/TelescopePrompt/*.vim"
not found in 'packpath': "start/*/syntax/TelescopePrompt.vim syntax/TelescopePrompt/*.vim"
Executing FileType Autocommands for "*"
autocommand call deoplete#send_event('FileType')

Executing InsertEnter Autocommands for "*"
autocommand lua require'hover'.insert_enter_handler()

Executing InsertEnter Autocommands for "*"
autocommand call deoplete#send_event('InsertEnter')

autocommand call s:completion_timer_start('InsertEnter')
-- INSERT --
Executing CursorMovedI Autocommands for "*"
autocommand call s:Highlight_Matching_Pair()

Executing TextChangedI Autocommands for "*"
autocommand call s:Highlight_Matching_Pair()

Executing TextChangedI Autocommands for "*"
autocommand call s:completion_timer_start('TextChangedI')
-- INSERT --
auto-removing autocommand: BufDelete <buffer=5>
auto-removing autocommand: BufLeave <buffer=5>
auto-removing autocommand: WinClosed <buffer=5>
auto-removing autocommand: WinLeave <buffer=5>
chdir(/home/ehs/source/dotfiles)
chdir(/home/ehs/source/dotfiles)-- INSERT --
Executing CursorMovedI Autocommands for "*"
autocommand call s:Highlight_Matching_Pair()

Executing TextChangedI Autocommands for "*"
autocommand call s:Highlight_Matching_Pair()

Executing TextChangedI Autocommands for "*"
autocommand call s:completion_timer_start('TextChangedI')

Executing CursorMovedI Autocommands for "*"
autocommand call s:Highlight_Matching_Pair()

Executing TextChangedI Autocommands for "*"
autocommand call s:Highlight_Matching_Pair()

Executing TextChangedI Autocommands for "*"
autocommand call s:completion_timer_start('TextChangedI')

chdir(/home/ehs/source/dotfiles)
chdir(/home/ehs/source/dotfiles)
Executing CursorMovedI Autocommands for "*"
autocommand call s:Highlight_Matching_Pair()

Executing TextChangedI Autocommands for "*"
autocommand call s:Highlight_Matching_Pair()

Executing TextChangedI Autocommands for "*"
autocommand call s:completion_timer_start('TextChangedI')
-- INSERT --
change line  col text
    1     1    4 > jek
>
change line  col text
    1     1    4 > jek
>-- INSERT --
Executing TextChangedP Autocommands for "*"
autocommand call s:completion_timer_start('TextChangedP')

Executing CompleteDone Autocommands for "*"
autocommand call s:on_complete_done()
-- INSERT --
Executing CompleteDone Autocommands for "*"
autocommand call s:on_complete_done()
-- INSERT ---- INSERT ---- INSERT --
Executing CompleteDone Autocommands for "*"
autocommand call s:on_complete_done()

Executing CursorMovedI Autocommands for "*"
autocommand call s:Highlight_Matching_Pair()

Executing TextChangedI Autocommands for "*"
autocommand call s:Highlight_Matching_Pair()

Executing TextChangedI Autocommands for "*"
autocommand call s:completion_timer_start('TextChangedI')
-- INSERT ---- INSERT --
Executing TextChangedP Autocommands for "*"
autocommand call s:completion_timer_start('TextChangedP')

Executing CompleteDone Autocommands for "*"
autocommand call s:on_complete_done()
-- INSERT --
change line  col text
    1     1    4 > je
>
change line  col text
    1     1    4 > je
>
Executing CompleteDone Autocommands for "*"
autocommand call s:on_complete_done()
-- INSERT --
Executing CompleteDone Autocommands for "*"
autocommand call s:on_complete_done()
-- INSERT ---- INSERT ---- INSERT --
Executing CompleteDone Autocommands for "*"
autocommand call s:on_complete_done()

Executing CursorMovedI Autocommands for "*"
autocommand call s:Highlight_Matching_Pair()

Executing TextChangedI Autocommands for "*"
autocommand call s:Highlight_Matching_Pair()

Executing TextChangedI Autocommands for "*"
autocommand call s:completion_timer_start('TextChangedI')
-- INSERT ---- INSERT --
Executing TextChangedP Autocommands for "*"
autocommand call s:completion_timer_start('TextChangedP')

Executing CompleteDone Autocommands for "*"
autocommand call s:on_complete_done()
-- INSERT --
chdir(/home/ehs/source/dotfiles)
chdir(/home/ehs/source/dotfiles)-- INSERT --
Executing CompleteDone Autocommands for "*"
autocommand call s:on_complete_done()

Executing CompleteDone Autocommands for "*"
autocommand call s:on_complete_done()
-- INSERT ---- INSERT ---- INSERT --
Executing CompleteDone Autocommands for "*"
autocommand call s:on_complete_done()

Executing CursorMovedI Autocommands for "*"
autocommand call s:Highlight_Matching_Pair()

Executing TextChangedI Autocommands for "*"
autocommand call s:Highlight_Matching_Pair()

Executing TextChangedI Autocommands for "*"
autocommand call s:completion_timer_start('TextChangedI')
-- INSERT --
Executing CursorMovedI Autocommands for "*"
autocommand call s:Highlight_Matching_Pair()

Executing TextChangedI Autocommands for "*"
autocommand call s:Highlight_Matching_Pair()

Executing TextChangedI Autocommands for "*"
autocommand call s:completion_timer_start('TextChangedI')

Executing CursorMovedI Autocommands for "*"
autocommand call s:Highlight_Matching_Pair()

Executing TextChangedI Autocommands for "*"
autocommand call s:Highlight_Matching_Pair()

Executing TextChangedI Autocommands for "*"
autocommand call s:completion_timer_start('TextChangedI')

chdir(/home/ehs/source/dotfiles)
chdir(/home/ehs/source/dotfiles)-- INSERT --
not found in 'runtimepath': "parser/lua.*"
not found in 'packpath': "pack/*/start/*/parser/lua.*"
not found in 'packpath': "start/*/parser/lua.*"
Executing Syntax Autocommands for "*"
autocommand call s:SynSet()

chdir(/home/ehs/source/dotfiles)
chdir(/usr/share/nvim/runtime/syntax)
chdir(/home/ehs/source/dotfiles)
line 24: sourcing "/usr/share/nvim/runtime/syntax/lua.vim"
finished sourcing /usr/share/nvim/runtime/syntax/lua.vim
continuing in function <SNR>9_SynSet
not found in 'packpath': "pack/*/start/*/syntax/lua.vim syntax/lua/*.vim"
not found in 'packpath': "start/*/syntax/lua.vim syntax/lua/*.vim"-- INSERT --
change line  col text
    1     1    3 > ke
>-- INSERT --
Executing TextChangedP Autocommands for "*"
autocommand call s:completion_timer_start('TextChangedP')

Executing CompleteDone Autocommands for "*"
autocommand call s:on_complete_done()
-- INSERT --
Executing TextChangedP Autocommands for "*"
autocommand call s:completion_timer_start('TextChangedP')

Executing CompleteDone Autocommands for "*"
autocommand call s:on_complete_done()

Executing CursorMovedI Autocommands for "*"
autocommand call s:Highlight_Matching_Pair()

Executing TextChangedI Autocommands for "*"
autocommand call s:Highlight_Matching_Pair()

Executing TextChangedI Autocommands for "*"
autocommand call s:completion_timer_start('TextChangedI')
-- INSERT ---- INSERT ---- INSERT --
Executing CompleteDone Autocommands for "*"
autocommand call s:on_complete_done()

Executing CursorMovedI Autocommands for "*"
autocommand call s:Highlight_Matching_Pair()

Executing TextChangedI Autocommands for "*"
autocommand call s:Highlight_Matching_Pair()

Executing TextChangedI Autocommands for "*"
autocommand call s:completion_timer_start('TextChangedI')
-- INSERT ---- INSERT --
Executing TextChangedP Autocommands for "*"
autocommand call s:completion_timer_start('TextChangedP')

Executing CompleteDone Autocommands for "*"
autocommand call s:on_complete_done()
-- INSERT --
Executing TextChangedP Autocommands for "*"
autocommand call s:completion_timer_start('TextChangedP')

Executing CompleteDone Autocommands for "*"
autocommand call s:on_complete_done()

Executing CursorMovedI Autocommands for "*"
autocommand call s:Highlight_Matching_Pair()

Executing TextChangedI Autocommands for "*"
autocommand call s:Highlight_Matching_Pair()

Executing TextChangedI Autocommands for "*"
autocommand call s:completion_timer_start('TextChangedI')
-- INSERT --

Executing BufLeave Autocommands for "*"
autocommand if &ft != "netrw"|let w:netrw_prvfile= expand("%:p")|endif

Executing BufLeave Autocommands for "<buffer=7>"
autocommand :lua require('plenary.window').try_close(1006, true)

autocommand :lua require('plenary.window').close_related_win(1006, 1007)

Executing BufLeave Autocommands for "<buffer=7>"
autocommand :silent lua require('telescope.pickers').on_close_prompt(7)

Executing WinClosed Autocommands for "<buffer=3>"
autocommand :lua require('plenary.window').try_close(1003, true)

auto-removing autocommand: BufDelete <buffer=3>
auto-removing autocommand: BufLeave <buffer=3>
auto-removing autocommand: WinClosed <buffer=3>
auto-removing autocommand: WinLeave <buffer=3>
Executing WinLeave Autocommands for "<buffer=7>"
autocommand :lua require('plenary.window').try_close(1007, true)

Executing WinClosed Autocommands for "<buffer=7>"
autocommand :lua require('plenary.window').try_close(1007, true)

auto-removing autocommand: BufDelete <buffer=7>
chdir(/home/ehs/source/dotfiles)
Executing WinEnter Autocommands for "*"
autocommand call s:Highlight_Matching_Pair()

Executing WinEnter Autocommands for "*"
autocommand if &ft == "netrw"|call s:NetrwInsureWinVars()|endif

Executing CursorMoved Autocommands for "*"
autocommand call s:Highlight_Matching_Pair()

Executing BufEnter Autocommands for "*"
autocommand sil call s:LocalBrowse(expand("<amatch>"))

chdir(/home/ehs/source/dotfiles)
chdir(nvim/lua)
chdir(/home/ehs/source/dotfiles)
chdir(/home/ehs/source/dotfiles)
chdir(nvim/lua)
chdir(/home/ehs/source/dotfiles)
chdir(/home/ehs/source/dotfiles)
chdir(/home/ehs/source/dotfiles/nvim/lua)
chdir(/home/ehs/source/dotfiles)
Executing BufLeave Autocommands for "*"
autocommand if &ft != "netrw"|let w:netrw_prvfile= expand("%:p")|endif

chdir(/home/ehs/source/dotfiles)
chdir(nvim/lua)
chdir(/home/ehs/source/dotfiles)
"nvim/lua/keybindings.lua" 3L, 167C
Reading ShaDa file "/home/ehs/.local/share/nvim/shada/main.shada" marks
Executing BufReadPost Autocommands for "*.lua"
autocommand setf lua

Executing FileType Autocommands for "*"
autocommand call s:LoadFTPlugin()

chdir(/home/ehs/source/dotfiles)
chdir(/usr/share/nvim/runtime/ftplugin)
chdir(/home/ehs/source/dotfiles)
line 17: sourcing "/usr/share/nvim/runtime/ftplugin/lua.vim"
finished sourcing /usr/share/nvim/runtime/ftplugin/lua.vim
continuing in function <SNR>6_LoadFTPlugin
not found in 'packpath': "pack/*/start/*/ftplugin/lua.vim ftplugin/lua_*.vim ftplugin/lua/*.vim"
not found in 'packpath': "start/*/ftplugin/lua.vim ftplugin/lua_*.vim ftplugin/lua/*.vim"
Executing FileType Autocommands for "*"
autocommand call s:LoadIndent()

chdir(/home/ehs/source/dotfiles)
chdir(/usr/share/nvim/runtime/indent)
chdir(/home/ehs/source/dotfiles)
line 14: sourcing "/usr/share/nvim/runtime/indent/lua.vim"
finished sourcing /usr/share/nvim/runtime/indent/lua.vim
continuing in function <SNR>7_LoadIndent
not found in 'packpath': "pack/*/start/*/indent/lua.vim"
not found in 'packpath': "start/*/indent/lua.vim"
Executing FileType Autocommands for "*"
autocommand exe "set syntax=" . expand("<amatch>")

Executing Syntax Autocommands for "*"
autocommand call s:SynSet()

chdir(/home/ehs/source/dotfiles)
chdir(/usr/share/nvim/runtime/syntax)
chdir(/home/ehs/source/dotfiles)
line 24: sourcing "/usr/share/nvim/runtime/syntax/lua.vim"
finished sourcing /usr/share/nvim/runtime/syntax/lua.vim
continuing in function <SNR>9_SynSet
not found in 'packpath': "pack/*/start/*/syntax/lua.vim syntax/lua/*.vim"
not found in 'packpath': "start/*/syntax/lua.vim syntax/lua/*.vim"
Executing FileType Autocommands for "*"
autocommand call deoplete#send_event('FileType')

Executing BufReadPost Autocommands for "*"
autocommand if !did_filetype() && expand("<amatch>") !~ g:ft_ignore_pat | runtime! scripts.vim | endif

Executing BufReadPost Autocommands for "*"
autocommand if !did_filetype() && expand("<amatch>") !~ g:ft_ignore_pat    && (getline(1) =~ '^#' || getline(2) =~ '^#' || getline(3) =~ '^#'^I|| getline(4) =~ '^#' || getline(5) =~ '^#') |   setf FALLBACK conf | endif

Executing BufReadPost Autocommands for "*"
autocommand call deoplete#send_event('BufReadPost')

Executing BufEnter Autocommands for "*"
autocommand sil call s:LocalBrowse(expand("<amatch>"))


Executing InsertLeave Autocommands for "*"
autocommand lua require'hover'.insert_leave_handler()

Executing InsertLeave Autocommands for "*"
autocommand call s:on_insert_leave()

autocommand call deoplete#send_event('InsertLeave')

Executing CursorMoved Autocommands for "*"
autocommand call s:Highlight_Matching_Pair()

Executing CursorMoved Autocommands for "*"
autocommand call s:Highlight_Matching_Pair()

E523: Not allowed here
E523: Not allowed here

Executing VimLeavePre Autocommands for "*"
autocommand lua vim.lsp._vim_exit_handler()

Executing VimLeavePre Autocommands for "*"
autocommand call deoplete#send_event('VimLeavePre')

Writing ShaDa file "/home/ehs/.local/share/nvim/shada/main.shada"
chdir(/home/ehs/source/dotfiles)
chdir(/home/ehs/source/dotfiles/nvim)
chdir(/home/ehs/source/dotfiles)
chdir(/home/ehs/source/dotfiles)
chdir(/home/ehs/source/dotfiles/nvim/lua/plugins)
chdir(/home/ehs/source/dotfiles)
chdir(/home/ehs/source/dotfiles)
chdir(/home/ehs/source/dotfiles)
chdir(/home/ehs/source/dotfiles)
chdir(/home/ehs/source/dotfiles)
chdir(/home/ehs/source/dotfiles/nvim/lua)
chdir(/home/ehs/source/dotfiles)
chdir(/home/ehs/source/dotfiles)
chdir(/home/ehs/source/dotfiles/nvim)
chdir(/home/ehs/source/dotfiles)
chdir(/home/ehs/source/dotfiles)
chdir(/home/ehs/source/dotfiles)
chdir(/home/ehs/source/dotfiles)
chdir(/home/ehs/source/dotfiles)
chdir(/home/ehs/source/dotfiles)
chdir(/home/ehs/source/dotfiles)
chdir(/home/ehs/source/dotfiles)
chdir(/home/ehs)
chdir(/home/ehs/source/dotfiles)
chdir(/home/ehs/source/dotfiles)
chdir(/home/ehs/source/dotfiles)
chdir(/home/ehs/source/dotfiles)
chdir(/home/ehs/source/dotfiles)
chdir(/home/ehs/source/dotfiles/nvim/lua/utils)
chdir(/home/ehs/source/dotfiles)
Executing VimLeave Autocommands for "*"
autocommand call s:NetrwBookHistSave()

chdir(/home/ehs/source/dotfiles)
chdir(/home/ehs/source/dotfiles)
chdir(/home/ehs/.local/share/nvim)
chdir(/home/ehs/source/dotfiles)
"~/.local/share/nvim/.netrwhist" 12L, 629C written
chdir(/home/ehs/source/dotfiles)